{"/mnt/d/dev/Trabajo/bot-discord-isacademi/src/utils/handler/handler.js": {"path":"/mnt/d/dev/Trabajo/bot-discord-isacademi/src/utils/handler/handler.js","statementMap":{"0":{"start":{"line":2,"column":26},"end":{"line":2,"column":40}},"1":{"start":{"line":3,"column":20},"end":{"line":3,"column":35}},"2":{"start":{"line":5,"column":20},"end":{"line":5,"column":55}},"3":{"start":{"line":6,"column":18},"end":{"line":6,"column":51}},"4":{"start":{"line":8,"column":13},"end":{"line":8,"column":28}},"5":{"start":{"line":9,"column":11},"end":{"line":9,"column":33}},"6":{"start":{"line":13,"column":19},"end":{"line":13,"column":44}},"7":{"start":{"line":14,"column":16},"end":{"line":14,"column":42}},"8":{"start":{"line":15,"column":2},"end":{"line":27,"column":3}},"9":{"start":{"line":16,"column":17},"end":{"line":16,"column":58}},"10":{"start":{"line":17,"column":4},"end":{"line":17,"column":72}},"11":{"start":{"line":17,"column":28},"end":{"line":17,"column":72}},"12":{"start":{"line":18,"column":4},"end":{"line":26,"column":5}},"13":{"start":{"line":19,"column":22},"end":{"line":19,"column":56}},"14":{"start":{"line":20,"column":6},"end":{"line":25,"column":7}},"15":{"start":{"line":21,"column":20},"end":{"line":21,"column":33}},"16":{"start":{"line":22,"column":8},"end":{"line":22,"column":40}},"17":{"start":{"line":23,"column":8},"end":{"line":24,"column":67}},"18":{"start":{"line":24,"column":10},"end":{"line":24,"column":67}},"19":{"start":{"line":24,"column":37},"end":{"line":24,"column":65}},"20":{"start":{"line":31,"column":21},"end":{"line":31,"column":80}},"21":{"start":{"line":33,"column":16},"end":{"line":33,"column":44}},"22":{"start":{"line":33,"column":65},"end":{"line":33,"column":67}},"23":{"start":{"line":34,"column":2},"end":{"line":43,"column":3}},"24":{"start":{"line":36,"column":20},"end":{"line":36,"column":61}},"25":{"start":{"line":38,"column":4},"end":{"line":42,"column":5}},"26":{"start":{"line":39,"column":6},"end":{"line":41,"column":7}},"27":{"start":{"line":40,"column":8},"end":{"line":40,"column":39}},"28":{"start":{"line":45,"column":2},"end":{"line":45,"column":21}},"29":{"start":{"line":49,"column":19},"end":{"line":49,"column":44}},"30":{"start":{"line":50,"column":16},"end":{"line":50,"column":42}},"31":{"start":{"line":51,"column":2},"end":{"line":61,"column":3}},"32":{"start":{"line":52,"column":17},"end":{"line":52,"column":58}},"33":{"start":{"line":53,"column":4},"end":{"line":53,"column":70}},"34":{"start":{"line":53,"column":28},"end":{"line":53,"column":70}},"35":{"start":{"line":54,"column":4},"end":{"line":60,"column":5}},"36":{"start":{"line":55,"column":20},"end":{"line":55,"column":54}},"37":{"start":{"line":56,"column":6},"end":{"line":59,"column":7}},"38":{"start":{"line":57,"column":22},"end":{"line":57,"column":33}},"39":{"start":{"line":58,"column":8},"end":{"line":58,"column":55}},"40":{"start":{"line":64,"column":0},"end":{"line":68,"column":2}}},"fnMap":{"0":{"name":"registerCommands","decl":{"start":{"line":12,"column":15},"end":{"line":12,"column":31}},"loc":{"start":{"line":12,"column":47},"end":{"line":28,"column":1}},"line":12},"1":{"name":"(anonymous_1)","decl":{"start":{"line":24,"column":30},"end":{"line":24,"column":31}},"loc":{"start":{"line":24,"column":37},"end":{"line":24,"column":65}},"line":24},"2":{"name":"JSFiles","decl":{"start":{"line":30,"column":15},"end":{"line":30,"column":22}},"loc":{"start":{"line":30,"column":33},"end":{"line":46,"column":1}},"line":30},"3":{"name":"registerEvents","decl":{"start":{"line":48,"column":15},"end":{"line":48,"column":29}},"loc":{"start":{"line":48,"column":45},"end":{"line":62,"column":1}},"line":48}},"branchMap":{"0":{"loc":{"start":{"line":12,"column":37},"end":{"line":12,"column":45}},"type":"default-arg","locations":[{"start":{"line":12,"column":43},"end":{"line":12,"column":45}}],"line":12},"1":{"loc":{"start":{"line":17,"column":4},"end":{"line":17,"column":72}},"type":"if","locations":[{"start":{"line":17,"column":4},"end":{"line":17,"column":72}},{"start":{},"end":{}}],"line":17},"2":{"loc":{"start":{"line":18,"column":4},"end":{"line":26,"column":5}},"type":"if","locations":[{"start":{"line":18,"column":4},"end":{"line":26,"column":5}},{"start":{},"end":{}}],"line":18},"3":{"loc":{"start":{"line":20,"column":6},"end":{"line":25,"column":7}},"type":"if","locations":[{"start":{"line":20,"column":6},"end":{"line":25,"column":7}},{"start":{},"end":{}}],"line":20},"4":{"loc":{"start":{"line":23,"column":8},"end":{"line":24,"column":67}},"type":"if","locations":[{"start":{"line":23,"column":8},"end":{"line":24,"column":67}},{"start":{},"end":{}}],"line":23},"5":{"loc":{"start":{"line":30,"column":23},"end":{"line":30,"column":31}},"type":"default-arg","locations":[{"start":{"line":30,"column":29},"end":{"line":30,"column":31}}],"line":30},"6":{"loc":{"start":{"line":39,"column":6},"end":{"line":41,"column":7}},"type":"if","locations":[{"start":{"line":39,"column":6},"end":{"line":41,"column":7}},{"start":{},"end":{}}],"line":39},"7":{"loc":{"start":{"line":48,"column":35},"end":{"line":48,"column":43}},"type":"default-arg","locations":[{"start":{"line":48,"column":41},"end":{"line":48,"column":43}}],"line":48},"8":{"loc":{"start":{"line":53,"column":4},"end":{"line":53,"column":70}},"type":"if","locations":[{"start":{"line":53,"column":4},"end":{"line":53,"column":70}},{"start":{},"end":{}}],"line":53},"9":{"loc":{"start":{"line":54,"column":4},"end":{"line":60,"column":5}},"type":"if","locations":[{"start":{"line":54,"column":4},"end":{"line":60,"column":5}},{"start":{},"end":{}}],"line":54},"10":{"loc":{"start":{"line":56,"column":6},"end":{"line":59,"column":7}},"type":"if","locations":[{"start":{"line":56,"column":6},"end":{"line":59,"column":7}},{"start":{},"end":{}}],"line":56}},"s":{"0":1,"1":1,"2":1,"3":1,"4":1,"5":1,"6":0,"7":0,"8":0,"9":0,"10":0,"11":0,"12":0,"13":0,"14":0,"15":0,"16":0,"17":0,"18":0,"19":0,"20":2,"21":2,"22":2,"23":2,"24":9,"25":9,"26":25,"27":25,"28":2,"29":0,"30":0,"31":0,"32":0,"33":0,"34":0,"35":0,"36":0,"37":0,"38":0,"39":0,"40":1},"f":{"0":0,"1":0,"2":2,"3":0},"b":{"0":[0],"1":[0,0],"2":[0,0],"3":[0,0],"4":[0,0],"5":[0],"6":[25,0],"7":[0],"8":[0,0],"9":[0,0],"10":[0,0]},"_coverageSchema":"1a1c01bbd47fc00a2c39e90264f33305004495a9","hash":"fbe02e403beb6d5039de4b5dbe1879a510705fa0"}
,"/mnt/d/dev/Trabajo/bot-discord-isacademi/src/utils/logic/logicBank.js": {"path":"/mnt/d/dev/Trabajo/bot-discord-isacademi/src/utils/logic/logicBank.js","statementMap":{"0":{"start":{"line":1,"column":0},"end":{"line":5,"column":2}},"1":{"start":{"line":3,"column":4},"end":{"line":3,"column":40}}},"fnMap":{"0":{"name":"(anonymous_0)","decl":{"start":{"line":2,"column":17},"end":{"line":2,"column":18}},"loc":{"start":{"line":2,"column":29},"end":{"line":4,"column":3}},"line":2}},"branchMap":{},"s":{"0":1,"1":1},"f":{"0":1},"b":{},"_coverageSchema":"1a1c01bbd47fc00a2c39e90264f33305004495a9","hash":"832f7657154994b153dde43434c40d44f5cff95d"}
,"/mnt/d/dev/Trabajo/bot-discord-isacademi/src/utils/logic/logicMember.js": {"path":"/mnt/d/dev/Trabajo/bot-discord-isacademi/src/utils/logic/logicMember.js","statementMap":{"0":{"start":{"line":1,"column":0},"end":{"line":22,"column":2}},"1":{"start":{"line":3,"column":4},"end":{"line":3,"column":55}},"2":{"start":{"line":6,"column":4},"end":{"line":6,"column":56}},"3":{"start":{"line":9,"column":17},"end":{"line":9,"column":19}},"4":{"start":{"line":10,"column":16},"end":{"line":10,"column":66}},"5":{"start":{"line":11,"column":4},"end":{"line":14,"column":5}},"6":{"start":{"line":12,"column":6},"end":{"line":12,"column":14}},"7":{"start":{"line":13,"column":6},"end":{"line":13,"column":65}},"8":{"start":{"line":15,"column":4},"end":{"line":15,"column":17}},"9":{"start":{"line":18,"column":17},"end":{"line":18,"column":19}},"10":{"start":{"line":19,"column":18},"end":{"line":19,"column":68}},"11":{"start":{"line":20,"column":4},"end":{"line":20,"column":17}}},"fnMap":{"0":{"name":"(anonymous_0)","decl":{"start":{"line":2,"column":14},"end":{"line":2,"column":15}},"loc":{"start":{"line":2,"column":37},"end":{"line":4,"column":3}},"line":2},"1":{"name":"(anonymous_1)","decl":{"start":{"line":5,"column":22},"end":{"line":5,"column":23}},"loc":{"start":{"line":5,"column":45},"end":{"line":7,"column":3}},"line":5},"2":{"name":"(anonymous_2)","decl":{"start":{"line":8,"column":14},"end":{"line":8,"column":15}},"loc":{"start":{"line":8,"column":35},"end":{"line":16,"column":3}},"line":8},"3":{"name":"(anonymous_3)","decl":{"start":{"line":17,"column":9},"end":{"line":17,"column":10}},"loc":{"start":{"line":17,"column":30},"end":{"line":21,"column":3}},"line":17}},"branchMap":{},"s":{"0":1,"1":1,"2":1,"3":2,"4":2,"5":2,"6":1,"7":1,"8":2,"9":1,"10":1,"11":1},"f":{"0":1,"1":1,"2":2,"3":1},"b":{},"_coverageSchema":"1a1c01bbd47fc00a2c39e90264f33305004495a9","hash":"87ff992fa7b0e61f582bfb60df4a8dc422a669e8"}
,"/mnt/d/dev/Trabajo/bot-discord-isacademi/src/utils/misc/api_discord_functions.js": {"path":"/mnt/d/dev/Trabajo/bot-discord-isacademi/src/utils/misc/api_discord_functions.js","statementMap":{"0":{"start":{"line":1,"column":14},"end":{"line":1,"column":30}},"1":{"start":{"line":3,"column":0},"end":{"line":185,"column":1}},"2":{"start":{"line":6,"column":19},"end":{"line":6,"column":23}},"3":{"start":{"line":6,"column":31},"end":{"line":6,"column":66}},"4":{"start":{"line":7,"column":8},"end":{"line":9,"column":10}},"5":{"start":{"line":8,"column":12},"end":{"line":8,"column":34}},"6":{"start":{"line":11,"column":8},"end":{"line":11,"column":19}},"7":{"start":{"line":14,"column":19},"end":{"line":14,"column":23}},"8":{"start":{"line":14,"column":31},"end":{"line":14,"column":74}},"9":{"start":{"line":15,"column":8},"end":{"line":17,"column":10}},"10":{"start":{"line":16,"column":12},"end":{"line":16,"column":34}},"11":{"start":{"line":19,"column":8},"end":{"line":19,"column":19}},"12":{"start":{"line":22,"column":19},"end":{"line":22,"column":23}},"13":{"start":{"line":22,"column":31},"end":{"line":22,"column":82}},"14":{"start":{"line":23,"column":8},"end":{"line":25,"column":10}},"15":{"start":{"line":24,"column":12},"end":{"line":24,"column":34}},"16":{"start":{"line":27,"column":8},"end":{"line":27,"column":19}},"17":{"start":{"line":30,"column":19},"end":{"line":30,"column":23}},"18":{"start":{"line":30,"column":31},"end":{"line":30,"column":90}},"19":{"start":{"line":31,"column":8},"end":{"line":33,"column":10}},"20":{"start":{"line":32,"column":12},"end":{"line":32,"column":34}},"21":{"start":{"line":35,"column":8},"end":{"line":35,"column":19}},"22":{"start":{"line":38,"column":19},"end":{"line":38,"column":23}},"23":{"start":{"line":38,"column":31},"end":{"line":38,"column":87}},"24":{"start":{"line":39,"column":8},"end":{"line":41,"column":10}},"25":{"start":{"line":40,"column":12},"end":{"line":40,"column":34}},"26":{"start":{"line":43,"column":8},"end":{"line":43,"column":19}},"27":{"start":{"line":46,"column":19},"end":{"line":46,"column":86}},"28":{"start":{"line":47,"column":22},"end":{"line":53,"column":9}},"29":{"start":{"line":54,"column":8},"end":{"line":59,"column":15}},"30":{"start":{"line":58,"column":16},"end":{"line":58,"column":44}},"31":{"start":{"line":62,"column":19},"end":{"line":62,"column":86}},"32":{"start":{"line":63,"column":22},"end":{"line":69,"column":9}},"33":{"start":{"line":70,"column":8},"end":{"line":75,"column":15}},"34":{"start":{"line":74,"column":16},"end":{"line":74,"column":44}},"35":{"start":{"line":78,"column":19},"end":{"line":78,"column":52}},"36":{"start":{"line":79,"column":22},"end":{"line":85,"column":9}},"37":{"start":{"line":86,"column":8},"end":{"line":91,"column":15}},"38":{"start":{"line":90,"column":16},"end":{"line":90,"column":44}},"39":{"start":{"line":94,"column":19},"end":{"line":94,"column":66}},"40":{"start":{"line":95,"column":22},"end":{"line":101,"column":9}},"41":{"start":{"line":102,"column":8},"end":{"line":107,"column":15}},"42":{"start":{"line":106,"column":16},"end":{"line":106,"column":44}},"43":{"start":{"line":109,"column":19},"end":{"line":109,"column":84}},"44":{"start":{"line":110,"column":22},"end":{"line":116,"column":9}},"45":{"start":{"line":117,"column":8},"end":{"line":122,"column":15}},"46":{"start":{"line":121,"column":16},"end":{"line":121,"column":44}},"47":{"start":{"line":124,"column":19},"end":{"line":124,"column":106}},"48":{"start":{"line":125,"column":22},"end":{"line":131,"column":9}},"49":{"start":{"line":132,"column":8},"end":{"line":137,"column":15}},"50":{"start":{"line":136,"column":16},"end":{"line":136,"column":44}},"51":{"start":{"line":139,"column":19},"end":{"line":139,"column":106}},"52":{"start":{"line":140,"column":22},"end":{"line":146,"column":9}},"53":{"start":{"line":147,"column":8},"end":{"line":152,"column":15}},"54":{"start":{"line":151,"column":16},"end":{"line":151,"column":44}},"55":{"start":{"line":154,"column":19},"end":{"line":154,"column":106}},"56":{"start":{"line":155,"column":22},"end":{"line":161,"column":9}},"57":{"start":{"line":162,"column":8},"end":{"line":167,"column":15}},"58":{"start":{"line":166,"column":16},"end":{"line":166,"column":44}},"59":{"start":{"line":169,"column":19},"end":{"line":169,"column":88}},"60":{"start":{"line":170,"column":22},"end":{"line":176,"column":9}},"61":{"start":{"line":177,"column":8},"end":{"line":182,"column":15}},"62":{"start":{"line":181,"column":16},"end":{"line":181,"column":44}}},"fnMap":{"0":{"name":"(anonymous_0)","decl":{"start":{"line":5,"column":15},"end":{"line":5,"column":16}},"loc":{"start":{"line":5,"column":33},"end":{"line":12,"column":5}},"line":5},"1":{"name":"(anonymous_1)","decl":{"start":{"line":7,"column":34},"end":{"line":7,"column":35}},"loc":{"start":{"line":7,"column":49},"end":{"line":9,"column":9}},"line":7},"2":{"name":"(anonymous_2)","decl":{"start":{"line":13,"column":14},"end":{"line":13,"column":15}},"loc":{"start":{"line":13,"column":37},"end":{"line":20,"column":5}},"line":13},"3":{"name":"(anonymous_3)","decl":{"start":{"line":15,"column":34},"end":{"line":15,"column":35}},"loc":{"start":{"line":15,"column":49},"end":{"line":17,"column":9}},"line":15},"4":{"name":"(anonymous_4)","decl":{"start":{"line":21,"column":16},"end":{"line":21,"column":17}},"loc":{"start":{"line":21,"column":39},"end":{"line":28,"column":5}},"line":21},"5":{"name":"(anonymous_5)","decl":{"start":{"line":23,"column":34},"end":{"line":23,"column":35}},"loc":{"start":{"line":23,"column":49},"end":{"line":25,"column":9}},"line":23},"6":{"name":"(anonymous_6)","decl":{"start":{"line":29,"column":20},"end":{"line":29,"column":21}},"loc":{"start":{"line":29,"column":49},"end":{"line":36,"column":5}},"line":29},"7":{"name":"(anonymous_7)","decl":{"start":{"line":31,"column":34},"end":{"line":31,"column":35}},"loc":{"start":{"line":31,"column":49},"end":{"line":33,"column":9}},"line":31},"8":{"name":"(anonymous_8)","decl":{"start":{"line":37,"column":15},"end":{"line":37,"column":16}},"loc":{"start":{"line":37,"column":42},"end":{"line":44,"column":5}},"line":37},"9":{"name":"(anonymous_9)","decl":{"start":{"line":39,"column":34},"end":{"line":39,"column":35}},"loc":{"start":{"line":39,"column":49},"end":{"line":41,"column":9}},"line":39},"10":{"name":"(anonymous_10)","decl":{"start":{"line":45,"column":15},"end":{"line":45,"column":16}},"loc":{"start":{"line":45,"column":52},"end":{"line":60,"column":5}},"line":45},"11":{"name":"(anonymous_11)","decl":{"start":{"line":55,"column":18},"end":{"line":55,"column":19}},"loc":{"start":{"line":55,"column":38},"end":{"line":57,"column":13}},"line":55},"12":{"name":"(anonymous_12)","decl":{"start":{"line":57,"column":21},"end":{"line":57,"column":22}},"loc":{"start":{"line":57,"column":38},"end":{"line":59,"column":13}},"line":57},"13":{"name":"(anonymous_13)","decl":{"start":{"line":61,"column":16},"end":{"line":61,"column":17}},"loc":{"start":{"line":61,"column":53},"end":{"line":76,"column":5}},"line":61},"14":{"name":"(anonymous_14)","decl":{"start":{"line":71,"column":18},"end":{"line":71,"column":19}},"loc":{"start":{"line":71,"column":38},"end":{"line":73,"column":13}},"line":71},"15":{"name":"(anonymous_15)","decl":{"start":{"line":73,"column":21},"end":{"line":73,"column":22}},"loc":{"start":{"line":73,"column":38},"end":{"line":75,"column":13}},"line":73},"16":{"name":"(anonymous_16)","decl":{"start":{"line":77,"column":17},"end":{"line":77,"column":18}},"loc":{"start":{"line":77,"column":37},"end":{"line":92,"column":5}},"line":77},"17":{"name":"(anonymous_17)","decl":{"start":{"line":87,"column":18},"end":{"line":87,"column":19}},"loc":{"start":{"line":87,"column":38},"end":{"line":89,"column":13}},"line":87},"18":{"name":"(anonymous_18)","decl":{"start":{"line":89,"column":21},"end":{"line":89,"column":22}},"loc":{"start":{"line":89,"column":38},"end":{"line":91,"column":13}},"line":89},"19":{"name":"(anonymous_19)","decl":{"start":{"line":93,"column":18},"end":{"line":93,"column":19}},"loc":{"start":{"line":93,"column":45},"end":{"line":108,"column":5}},"line":93},"20":{"name":"(anonymous_20)","decl":{"start":{"line":103,"column":18},"end":{"line":103,"column":19}},"loc":{"start":{"line":103,"column":38},"end":{"line":105,"column":13}},"line":103},"21":{"name":"(anonymous_21)","decl":{"start":{"line":105,"column":21},"end":{"line":105,"column":22}},"loc":{"start":{"line":105,"column":38},"end":{"line":107,"column":13}},"line":105},"22":{"name":"(anonymous_22)","decl":{"start":{"line":108,"column":19},"end":{"line":108,"column":20}},"loc":{"start":{"line":108,"column":63},"end":{"line":123,"column":5}},"line":108},"23":{"name":"(anonymous_23)","decl":{"start":{"line":118,"column":18},"end":{"line":118,"column":19}},"loc":{"start":{"line":118,"column":38},"end":{"line":120,"column":13}},"line":118},"24":{"name":"(anonymous_24)","decl":{"start":{"line":120,"column":21},"end":{"line":120,"column":22}},"loc":{"start":{"line":120,"column":38},"end":{"line":122,"column":13}},"line":120},"25":{"name":"(anonymous_25)","decl":{"start":{"line":123,"column":24},"end":{"line":123,"column":25}},"loc":{"start":{"line":123,"column":73},"end":{"line":138,"column":5}},"line":123},"26":{"name":"(anonymous_26)","decl":{"start":{"line":133,"column":18},"end":{"line":133,"column":19}},"loc":{"start":{"line":133,"column":38},"end":{"line":135,"column":13}},"line":133},"27":{"name":"(anonymous_27)","decl":{"start":{"line":135,"column":21},"end":{"line":135,"column":22}},"loc":{"start":{"line":135,"column":38},"end":{"line":137,"column":13}},"line":135},"28":{"name":"(anonymous_28)","decl":{"start":{"line":138,"column":26},"end":{"line":138,"column":27}},"loc":{"start":{"line":138,"column":75},"end":{"line":153,"column":5}},"line":138},"29":{"name":"(anonymous_29)","decl":{"start":{"line":148,"column":18},"end":{"line":148,"column":19}},"loc":{"start":{"line":148,"column":38},"end":{"line":150,"column":13}},"line":148},"30":{"name":"(anonymous_30)","decl":{"start":{"line":150,"column":21},"end":{"line":150,"column":22}},"loc":{"start":{"line":150,"column":38},"end":{"line":152,"column":13}},"line":150},"31":{"name":"(anonymous_31)","decl":{"start":{"line":153,"column":24},"end":{"line":153,"column":25}},"loc":{"start":{"line":153,"column":73},"end":{"line":168,"column":5}},"line":153},"32":{"name":"(anonymous_32)","decl":{"start":{"line":163,"column":18},"end":{"line":163,"column":19}},"loc":{"start":{"line":163,"column":38},"end":{"line":165,"column":13}},"line":163},"33":{"name":"(anonymous_33)","decl":{"start":{"line":165,"column":21},"end":{"line":165,"column":22}},"loc":{"start":{"line":165,"column":38},"end":{"line":167,"column":13}},"line":165},"34":{"name":"(anonymous_34)","decl":{"start":{"line":168,"column":23},"end":{"line":168,"column":24}},"loc":{"start":{"line":168,"column":61},"end":{"line":183,"column":5}},"line":168},"35":{"name":"(anonymous_35)","decl":{"start":{"line":178,"column":18},"end":{"line":178,"column":19}},"loc":{"start":{"line":178,"column":38},"end":{"line":180,"column":13}},"line":178},"36":{"name":"(anonymous_36)","decl":{"start":{"line":180,"column":21},"end":{"line":180,"column":22}},"loc":{"start":{"line":180,"column":38},"end":{"line":182,"column":13}},"line":180}},"branchMap":{},"s":{"0":2,"1":2,"2":0,"3":0,"4":0,"5":0,"6":0,"7":0,"8":0,"9":0,"10":0,"11":0,"12":0,"13":0,"14":0,"15":0,"16":0,"17":0,"18":0,"19":0,"20":0,"21":0,"22":0,"23":0,"24":0,"25":0,"26":0,"27":0,"28":0,"29":0,"30":0,"31":0,"32":0,"33":0,"34":0,"35":0,"36":0,"37":0,"38":0,"39":0,"40":0,"41":0,"42":0,"43":0,"44":0,"45":0,"46":0,"47":0,"48":0,"49":0,"50":0,"51":0,"52":0,"53":0,"54":0,"55":0,"56":0,"57":0,"58":0,"59":0,"60":0,"61":0,"62":0},"f":{"0":0,"1":0,"2":0,"3":0,"4":0,"5":0,"6":0,"7":0,"8":0,"9":0,"10":0,"11":0,"12":0,"13":0,"14":0,"15":0,"16":0,"17":0,"18":0,"19":0,"20":0,"21":0,"22":0,"23":0,"24":0,"25":0,"26":0,"27":0,"28":0,"29":0,"30":0,"31":0,"32":0,"33":0,"34":0,"35":0,"36":0},"b":{},"_coverageSchema":"1a1c01bbd47fc00a2c39e90264f33305004495a9","hash":"c53dfb8c33a43d115912973553121ba0e38aaa22"}
,"/mnt/d/dev/Trabajo/bot-discord-isacademi/src/utils/misc/functions.js": {"path":"/mnt/d/dev/Trabajo/bot-discord-isacademi/src/utils/misc/functions.js","statementMap":{"0":{"start":{"line":2,"column":12},"end":{"line":2,"column":46}},"1":{"start":{"line":3,"column":13},"end":{"line":3,"column":28}},"2":{"start":{"line":4,"column":14},"end":{"line":4,"column":30}},"3":{"start":{"line":6,"column":9},"end":{"line":6,"column":22}},"4":{"start":{"line":7,"column":7},"end":{"line":7,"column":20}},"5":{"start":{"line":8,"column":16},"end":{"line":10,"column":4}},"6":{"start":{"line":12,"column":0},"end":{"line":275,"column":2}},"7":{"start":{"line":14,"column":4},"end":{"line":14,"column":34}},"8":{"start":{"line":15,"column":17},"end":{"line":15,"column":56}},"9":{"start":{"line":17,"column":4},"end":{"line":18,"column":48}},"10":{"start":{"line":18,"column":6},"end":{"line":18,"column":48}},"11":{"start":{"line":20,"column":4},"end":{"line":27,"column":5}},"12":{"start":{"line":21,"column":6},"end":{"line":26,"column":9}},"13":{"start":{"line":22,"column":8},"end":{"line":25,"column":10}},"14":{"start":{"line":28,"column":4},"end":{"line":28,"column":41}},"15":{"start":{"line":28,"column":17},"end":{"line":28,"column":41}},"16":{"start":{"line":29,"column":4},"end":{"line":29,"column":18}},"17":{"start":{"line":32,"column":4},"end":{"line":32,"column":57}},"18":{"start":{"line":35,"column":4},"end":{"line":35,"column":50}},"19":{"start":{"line":38,"column":14},"end":{"line":38,"column":27}},"20":{"start":{"line":39,"column":4},"end":{"line":39,"column":64}},"21":{"start":{"line":42,"column":14},"end":{"line":42,"column":27}},"22":{"start":{"line":43,"column":4},"end":{"line":43,"column":64}},"23":{"start":{"line":46,"column":14},"end":{"line":46,"column":27}},"24":{"start":{"line":47,"column":4},"end":{"line":47,"column":66}},"25":{"start":{"line":50,"column":12},"end":{"line":50,"column":22}},"26":{"start":{"line":51,"column":13},"end":{"line":51,"column":17}},"27":{"start":{"line":52,"column":4},"end":{"line":54,"column":26}},"28":{"start":{"line":53,"column":6},"end":{"line":53,"column":22}},"29":{"start":{"line":57,"column":4},"end":{"line":57,"column":38}},"30":{"start":{"line":58,"column":16},"end":{"line":58,"column":24}},"31":{"start":{"line":59,"column":17},"end":{"line":63,"column":5}},"32":{"start":{"line":64,"column":21},"end":{"line":68,"column":6}},"33":{"start":{"line":70,"column":4},"end":{"line":70,"column":51}},"34":{"start":{"line":72,"column":4},"end":{"line":80,"column":7}},"35":{"start":{"line":73,"column":6},"end":{"line":75,"column":9}},"36":{"start":{"line":74,"column":8},"end":{"line":74,"column":18}},"37":{"start":{"line":77,"column":6},"end":{"line":79,"column":9}},"38":{"start":{"line":78,"column":8},"end":{"line":78,"column":20}},"39":{"start":{"line":83,"column":4},"end":{"line":112,"column":9}},"40":{"start":{"line":90,"column":8},"end":{"line":105,"column":9}},"41":{"start":{"line":90,"column":21},"end":{"line":90,"column":22}},"42":{"start":{"line":91,"column":10},"end":{"line":104,"column":11}},"43":{"start":{"line":91,"column":23},"end":{"line":91,"column":24}},"44":{"start":{"line":92,"column":22},"end":{"line":92,"column":47}},"45":{"start":{"line":93,"column":25},"end":{"line":93,"column":40}},"46":{"start":{"line":94,"column":12},"end":{"line":103,"column":13}},"47":{"start":{"line":102,"column":14},"end":{"line":102,"column":37}},"48":{"start":{"line":106,"column":8},"end":{"line":111,"column":10}},"49":{"start":{"line":115,"column":4},"end":{"line":122,"column":8}},"50":{"start":{"line":120,"column":10},"end":{"line":120,"column":49}},"51":{"start":{"line":120,"column":19},"end":{"line":120,"column":49}},"52":{"start":{"line":125,"column":4},"end":{"line":127,"column":7}},"53":{"start":{"line":126,"column":6},"end":{"line":126,"column":43}},"54":{"start":{"line":130,"column":4},"end":{"line":130,"column":46}},"55":{"start":{"line":133,"column":4},"end":{"line":133,"column":49}},"56":{"start":{"line":136,"column":4},"end":{"line":136,"column":33}},"57":{"start":{"line":137,"column":4},"end":{"line":137,"column":33}},"58":{"start":{"line":138,"column":4},"end":{"line":138,"column":33}},"59":{"start":{"line":139,"column":4},"end":{"line":139,"column":33}},"60":{"start":{"line":140,"column":4},"end":{"line":140,"column":33}},"61":{"start":{"line":141,"column":4},"end":{"line":141,"column":16}},"62":{"start":{"line":144,"column":4},"end":{"line":144,"column":33}},"63":{"start":{"line":145,"column":4},"end":{"line":145,"column":33}},"64":{"start":{"line":146,"column":4},"end":{"line":146,"column":33}},"65":{"start":{"line":147,"column":4},"end":{"line":147,"column":33}},"66":{"start":{"line":148,"column":4},"end":{"line":148,"column":16}},"67":{"start":{"line":151,"column":4},"end":{"line":151,"column":62}},"68":{"start":{"line":154,"column":25},"end":{"line":154,"column":51}},"69":{"start":{"line":155,"column":4},"end":{"line":159,"column":5}},"70":{"start":{"line":155,"column":21},"end":{"line":155,"column":22}},"71":{"start":{"line":156,"column":6},"end":{"line":158,"column":7}},"72":{"start":{"line":157,"column":8},"end":{"line":157,"column":43}},"73":{"start":{"line":160,"column":4},"end":{"line":160,"column":24}},"74":{"start":{"line":163,"column":25},"end":{"line":163,"column":51}},"75":{"start":{"line":164,"column":4},"end":{"line":168,"column":5}},"76":{"start":{"line":164,"column":21},"end":{"line":164,"column":22}},"77":{"start":{"line":165,"column":6},"end":{"line":167,"column":7}},"78":{"start":{"line":166,"column":8},"end":{"line":166,"column":74}},"79":{"start":{"line":172,"column":25},"end":{"line":172,"column":26}},"80":{"start":{"line":175,"column":4},"end":{"line":180,"column":6}},"81":{"start":{"line":176,"column":6},"end":{"line":179,"column":7}},"82":{"start":{"line":177,"column":8},"end":{"line":177,"column":45}},"83":{"start":{"line":178,"column":8},"end":{"line":178,"column":14}},"84":{"start":{"line":182,"column":4},"end":{"line":189,"column":7}},"85":{"start":{"line":183,"column":6},"end":{"line":188,"column":7}},"86":{"start":{"line":184,"column":8},"end":{"line":187,"column":11}},"87":{"start":{"line":191,"column":4},"end":{"line":191,"column":41}},"88":{"start":{"line":193,"column":4},"end":{"line":202,"column":7}},"89":{"start":{"line":194,"column":6},"end":{"line":196,"column":7}},"90":{"start":{"line":195,"column":8},"end":{"line":195,"column":17}},"91":{"start":{"line":197,"column":6},"end":{"line":199,"column":7}},"92":{"start":{"line":198,"column":8},"end":{"line":198,"column":18}},"93":{"start":{"line":201,"column":6},"end":{"line":201,"column":15}},"94":{"start":{"line":204,"column":4},"end":{"line":212,"column":7}},"95":{"start":{"line":205,"column":6},"end":{"line":205,"column":11}},"96":{"start":{"line":206,"column":6},"end":{"line":211,"column":9}},"97":{"start":{"line":207,"column":8},"end":{"line":209,"column":9}},"98":{"start":{"line":208,"column":10},"end":{"line":208,"column":37}},"99":{"start":{"line":210,"column":8},"end":{"line":210,"column":11}},"100":{"start":{"line":214,"column":22},"end":{"line":220,"column":5}},"101":{"start":{"line":218,"column":8},"end":{"line":218,"column":34}},"102":{"start":{"line":218,"column":17},"end":{"line":218,"column":34}},"103":{"start":{"line":224,"column":25},"end":{"line":224,"column":60}},"104":{"start":{"line":225,"column":4},"end":{"line":227,"column":5}},"105":{"start":{"line":225,"column":21},"end":{"line":225,"column":22}},"106":{"start":{"line":226,"column":6},"end":{"line":226,"column":51}},"107":{"start":{"line":228,"column":4},"end":{"line":228,"column":36}},"108":{"start":{"line":228,"column":29},"end":{"line":228,"column":34}},"109":{"start":{"line":229,"column":4},"end":{"line":247,"column":5}},"110":{"start":{"line":229,"column":17},"end":{"line":229,"column":18}},"111":{"start":{"line":230,"column":6},"end":{"line":246,"column":7}},"112":{"start":{"line":230,"column":23},"end":{"line":230,"column":24}},"113":{"start":{"line":231,"column":8},"end":{"line":245,"column":9}},"114":{"start":{"line":232,"column":10},"end":{"line":232,"column":49}},"115":{"start":{"line":233,"column":10},"end":{"line":237,"column":12}},"116":{"start":{"line":238,"column":10},"end":{"line":244,"column":12}},"117":{"start":{"line":250,"column":25},"end":{"line":250,"column":60}},"118":{"start":{"line":251,"column":4},"end":{"line":253,"column":5}},"119":{"start":{"line":251,"column":21},"end":{"line":251,"column":22}},"120":{"start":{"line":252,"column":6},"end":{"line":252,"column":51}},"121":{"start":{"line":254,"column":4},"end":{"line":254,"column":36}},"122":{"start":{"line":254,"column":29},"end":{"line":254,"column":34}},"123":{"start":{"line":255,"column":4},"end":{"line":273,"column":5}},"124":{"start":{"line":255,"column":17},"end":{"line":255,"column":18}},"125":{"start":{"line":256,"column":6},"end":{"line":272,"column":7}},"126":{"start":{"line":256,"column":23},"end":{"line":256,"column":24}},"127":{"start":{"line":257,"column":8},"end":{"line":271,"column":9}},"128":{"start":{"line":258,"column":10},"end":{"line":258,"column":51}},"129":{"start":{"line":259,"column":10},"end":{"line":263,"column":12}},"130":{"start":{"line":264,"column":10},"end":{"line":270,"column":12}}},"fnMap":{"0":{"name":"(anonymous_0)","decl":{"start":{"line":13,"column":13},"end":{"line":13,"column":14}},"loc":{"start":{"line":13,"column":45},"end":{"line":30,"column":3}},"line":13},"1":{"name":"(anonymous_1)","decl":{"start":{"line":21,"column":48},"end":{"line":21,"column":49}},"loc":{"start":{"line":21,"column":60},"end":{"line":26,"column":7}},"line":21},"2":{"name":"(anonymous_2)","decl":{"start":{"line":31,"column":14},"end":{"line":31,"column":15}},"loc":{"start":{"line":31,"column":30},"end":{"line":33,"column":3}},"line":31},"3":{"name":"(anonymous_3)","decl":{"start":{"line":34,"column":12},"end":{"line":34,"column":13}},"loc":{"start":{"line":34,"column":34},"end":{"line":36,"column":3}},"line":34},"4":{"name":"(anonymous_4)","decl":{"start":{"line":37,"column":20},"end":{"line":37,"column":21}},"loc":{"start":{"line":37,"column":41},"end":{"line":40,"column":3}},"line":37},"5":{"name":"(anonymous_5)","decl":{"start":{"line":41,"column":20},"end":{"line":41,"column":21}},"loc":{"start":{"line":41,"column":41},"end":{"line":44,"column":3}},"line":41},"6":{"name":"(anonymous_6)","decl":{"start":{"line":45,"column":21},"end":{"line":45,"column":22}},"loc":{"start":{"line":45,"column":42},"end":{"line":48,"column":3}},"line":45},"7":{"name":"(anonymous_7)","decl":{"start":{"line":49,"column":8},"end":{"line":49,"column":9}},"loc":{"start":{"line":49,"column":22},"end":{"line":55,"column":3}},"line":49},"8":{"name":"(anonymous_8)","decl":{"start":{"line":56,"column":16},"end":{"line":56,"column":17}},"loc":{"start":{"line":56,"column":48},"end":{"line":81,"column":3}},"line":56},"9":{"name":"(anonymous_9)","decl":{"start":{"line":72,"column":23},"end":{"line":72,"column":24}},"loc":{"start":{"line":72,"column":44},"end":{"line":80,"column":5}},"line":72},"10":{"name":"(anonymous_10)","decl":{"start":{"line":73,"column":30},"end":{"line":73,"column":31}},"loc":{"start":{"line":73,"column":36},"end":{"line":75,"column":7}},"line":73},"11":{"name":"(anonymous_11)","decl":{"start":{"line":77,"column":32},"end":{"line":77,"column":33}},"loc":{"start":{"line":77,"column":41},"end":{"line":79,"column":7}},"line":77},"12":{"name":"(anonymous_12)","decl":{"start":{"line":82,"column":15},"end":{"line":82,"column":16}},"loc":{"start":{"line":82,"column":46},"end":{"line":113,"column":3}},"line":82},"13":{"name":"(anonymous_13)","decl":{"start":{"line":89,"column":20},"end":{"line":89,"column":21}},"loc":{"start":{"line":89,"column":32},"end":{"line":112,"column":7}},"line":89},"14":{"name":"(anonymous_14)","decl":{"start":{"line":114,"column":15},"end":{"line":114,"column":16}},"loc":{"start":{"line":114,"column":37},"end":{"line":123,"column":3}},"line":114},"15":{"name":"(anonymous_15)","decl":{"start":{"line":119,"column":8},"end":{"line":119,"column":9}},"loc":{"start":{"line":119,"column":23},"end":{"line":121,"column":9}},"line":119},"16":{"name":"(anonymous_16)","decl":{"start":{"line":124,"column":9},"end":{"line":124,"column":10}},"loc":{"start":{"line":124,"column":25},"end":{"line":128,"column":3}},"line":124},"17":{"name":"(anonymous_17)","decl":{"start":{"line":125,"column":23},"end":{"line":125,"column":24}},"loc":{"start":{"line":125,"column":42},"end":{"line":127,"column":5}},"line":125},"18":{"name":"(anonymous_18)","decl":{"start":{"line":129,"column":14},"end":{"line":129,"column":15}},"loc":{"start":{"line":129,"column":33},"end":{"line":131,"column":3}},"line":129},"19":{"name":"(anonymous_19)","decl":{"start":{"line":132,"column":21},"end":{"line":132,"column":22}},"loc":{"start":{"line":132,"column":40},"end":{"line":134,"column":3}},"line":132},"20":{"name":"(anonymous_20)","decl":{"start":{"line":135,"column":20},"end":{"line":135,"column":21}},"loc":{"start":{"line":135,"column":36},"end":{"line":142,"column":3}},"line":135},"21":{"name":"(anonymous_21)","decl":{"start":{"line":143,"column":27},"end":{"line":143,"column":28}},"loc":{"start":{"line":143,"column":43},"end":{"line":149,"column":3}},"line":143},"22":{"name":"(anonymous_22)","decl":{"start":{"line":150,"column":20},"end":{"line":150,"column":21}},"loc":{"start":{"line":150,"column":33},"end":{"line":152,"column":3}},"line":150},"23":{"name":"(anonymous_23)","decl":{"start":{"line":153,"column":20},"end":{"line":153,"column":21}},"loc":{"start":{"line":153,"column":71},"end":{"line":161,"column":3}},"line":153},"24":{"name":"(anonymous_24)","decl":{"start":{"line":162,"column":22},"end":{"line":162,"column":23}},"loc":{"start":{"line":162,"column":59},"end":{"line":169,"column":3}},"line":162},"25":{"name":"(anonymous_25)","decl":{"start":{"line":170,"column":23},"end":{"line":170,"column":24}},"loc":{"start":{"line":170,"column":79},"end":{"line":222,"column":3}},"line":170},"26":{"name":"(anonymous_26)","decl":{"start":{"line":175,"column":85},"end":{"line":175,"column":86}},"loc":{"start":{"line":175,"column":106},"end":{"line":180,"column":5}},"line":175},"27":{"name":"(anonymous_27)","decl":{"start":{"line":182,"column":36},"end":{"line":182,"column":37}},"loc":{"start":{"line":182,"column":48},"end":{"line":189,"column":5}},"line":182},"28":{"name":"(anonymous_28)","decl":{"start":{"line":193,"column":19},"end":{"line":193,"column":20}},"loc":{"start":{"line":193,"column":35},"end":{"line":202,"column":5}},"line":193},"29":{"name":"(anonymous_29)","decl":{"start":{"line":204,"column":23},"end":{"line":204,"column":24}},"loc":{"start":{"line":204,"column":35},"end":{"line":212,"column":5}},"line":204},"30":{"name":"(anonymous_30)","decl":{"start":{"line":206,"column":24},"end":{"line":206,"column":25}},"loc":{"start":{"line":206,"column":32},"end":{"line":211,"column":7}},"line":206},"31":{"name":"(anonymous_31)","decl":{"start":{"line":217,"column":6},"end":{"line":217,"column":7}},"loc":{"start":{"line":217,"column":15},"end":{"line":219,"column":7}},"line":217},"32":{"name":"(anonymous_32)","decl":{"start":{"line":223,"column":19},"end":{"line":223,"column":20}},"loc":{"start":{"line":223,"column":71},"end":{"line":248,"column":3}},"line":223},"33":{"name":"(anonymous_33)","decl":{"start":{"line":228,"column":19},"end":{"line":228,"column":20}},"loc":{"start":{"line":228,"column":29},"end":{"line":228,"column":34}},"line":228},"34":{"name":"(anonymous_34)","decl":{"start":{"line":249,"column":21},"end":{"line":249,"column":22}},"loc":{"start":{"line":249,"column":73},"end":{"line":274,"column":3}},"line":249},"35":{"name":"(anonymous_35)","decl":{"start":{"line":254,"column":19},"end":{"line":254,"column":20}},"loc":{"start":{"line":254,"column":29},"end":{"line":254,"column":34}},"line":254}},"branchMap":{"0":{"loc":{"start":{"line":13,"column":32},"end":{"line":13,"column":43}},"type":"default-arg","locations":[{"start":{"line":13,"column":41},"end":{"line":13,"column":43}}],"line":13},"1":{"loc":{"start":{"line":17,"column":4},"end":{"line":18,"column":48}},"type":"if","locations":[{"start":{"line":17,"column":4},"end":{"line":18,"column":48}},{"start":{},"end":{}}],"line":17},"2":{"loc":{"start":{"line":17,"column":8},"end":{"line":17,"column":43}},"type":"binary-expr","locations":[{"start":{"line":17,"column":8},"end":{"line":17,"column":15}},{"start":{"line":17,"column":19},"end":{"line":17,"column":43}}],"line":17},"3":{"loc":{"start":{"line":20,"column":4},"end":{"line":27,"column":5}},"type":"if","locations":[{"start":{"line":20,"column":4},"end":{"line":27,"column":5}},{"start":{},"end":{}}],"line":20},"4":{"loc":{"start":{"line":20,"column":8},"end":{"line":20,"column":25}},"type":"binary-expr","locations":[{"start":{"line":20,"column":8},"end":{"line":20,"column":15}},{"start":{"line":20,"column":19},"end":{"line":20,"column":25}}],"line":20},"5":{"loc":{"start":{"line":23,"column":10},"end":{"line":24,"column":56}},"type":"binary-expr","locations":[{"start":{"line":23,"column":10},"end":{"line":23,"column":59}},{"start":{"line":24,"column":10},"end":{"line":24,"column":56}}],"line":23},"6":{"loc":{"start":{"line":28,"column":4},"end":{"line":28,"column":41}},"type":"if","locations":[{"start":{"line":28,"column":4},"end":{"line":28,"column":41}},{"start":{},"end":{}}],"line":28},"7":{"loc":{"start":{"line":94,"column":12},"end":{"line":103,"column":13}},"type":"if","locations":[{"start":{"line":94,"column":12},"end":{"line":103,"column":13}},{"start":{},"end":{}}],"line":94},"8":{"loc":{"start":{"line":95,"column":14},"end":{"line":100,"column":20}},"type":"binary-expr","locations":[{"start":{"line":95,"column":14},"end":{"line":97,"column":20}},{"start":{"line":98,"column":14},"end":{"line":100,"column":20}}],"line":95},"9":{"loc":{"start":{"line":120,"column":10},"end":{"line":120,"column":49}},"type":"if","locations":[{"start":{"line":120,"column":10},"end":{"line":120,"column":49}},{"start":{},"end":{}}],"line":120},"10":{"loc":{"start":{"line":156,"column":6},"end":{"line":158,"column":7}},"type":"if","locations":[{"start":{"line":156,"column":6},"end":{"line":158,"column":7}},{"start":{},"end":{}}],"line":156},"11":{"loc":{"start":{"line":165,"column":6},"end":{"line":167,"column":7}},"type":"if","locations":[{"start":{"line":165,"column":6},"end":{"line":167,"column":7}},{"start":{},"end":{}}],"line":165},"12":{"loc":{"start":{"line":176,"column":6},"end":{"line":179,"column":7}},"type":"if","locations":[{"start":{"line":176,"column":6},"end":{"line":179,"column":7}},{"start":{},"end":{}}],"line":176},"13":{"loc":{"start":{"line":183,"column":6},"end":{"line":188,"column":7}},"type":"if","locations":[{"start":{"line":183,"column":6},"end":{"line":188,"column":7}},{"start":{},"end":{}}],"line":183},"14":{"loc":{"start":{"line":194,"column":6},"end":{"line":196,"column":7}},"type":"if","locations":[{"start":{"line":194,"column":6},"end":{"line":196,"column":7}},{"start":{},"end":{}}],"line":194},"15":{"loc":{"start":{"line":197,"column":6},"end":{"line":199,"column":7}},"type":"if","locations":[{"start":{"line":197,"column":6},"end":{"line":199,"column":7}},{"start":{},"end":{}}],"line":197},"16":{"loc":{"start":{"line":207,"column":8},"end":{"line":209,"column":9}},"type":"if","locations":[{"start":{"line":207,"column":8},"end":{"line":209,"column":9}},{"start":{},"end":{}}],"line":207},"17":{"loc":{"start":{"line":218,"column":8},"end":{"line":218,"column":34}},"type":"if","locations":[{"start":{"line":218,"column":8},"end":{"line":218,"column":34}},{"start":{},"end":{}}],"line":218},"18":{"loc":{"start":{"line":231,"column":8},"end":{"line":245,"column":9}},"type":"if","locations":[{"start":{"line":231,"column":8},"end":{"line":245,"column":9}},{"start":{},"end":{}}],"line":231},"19":{"loc":{"start":{"line":257,"column":8},"end":{"line":271,"column":9}},"type":"if","locations":[{"start":{"line":257,"column":8},"end":{"line":271,"column":9}},{"start":{},"end":{}}],"line":257}},"s":{"0":2,"1":2,"2":2,"3":2,"4":2,"5":2,"6":2,"7":0,"8":0,"9":0,"10":0,"11":0,"12":0,"13":0,"14":0,"15":0,"16":0,"17":0,"18":0,"19":0,"20":0,"21":0,"22":0,"23":0,"24":0,"25":0,"26":0,"27":0,"28":0,"29":0,"30":0,"31":0,"32":0,"33":0,"34":0,"35":0,"36":0,"37":0,"38":0,"39":0,"40":0,"41":0,"42":0,"43":0,"44":0,"45":0,"46":0,"47":0,"48":0,"49":0,"50":0,"51":0,"52":2,"53":2,"54":0,"55":0,"56":0,"57":0,"58":0,"59":0,"60":0,"61":0,"62":0,"63":0,"64":0,"65":0,"66":0,"67":0,"68":0,"69":0,"70":0,"71":0,"72":0,"73":0,"74":0,"75":0,"76":0,"77":0,"78":0,"79":0,"80":0,"81":0,"82":0,"83":0,"84":0,"85":0,"86":0,"87":0,"88":0,"89":0,"90":0,"91":0,"92":0,"93":0,"94":0,"95":0,"96":0,"97":0,"98":0,"99":0,"100":0,"101":0,"102":0,"103":0,"104":0,"105":0,"106":0,"107":0,"108":0,"109":0,"110":0,"111":0,"112":0,"113":0,"114":0,"115":0,"116":0,"117":0,"118":0,"119":0,"120":0,"121":0,"122":0,"123":0,"124":0,"125":0,"126":0,"127":0,"128":0,"129":0,"130":0},"f":{"0":0,"1":0,"2":0,"3":0,"4":0,"5":0,"6":0,"7":0,"8":0,"9":0,"10":0,"11":0,"12":0,"13":0,"14":0,"15":0,"16":2,"17":2,"18":0,"19":0,"20":0,"21":0,"22":0,"23":0,"24":0,"25":0,"26":0,"27":0,"28":0,"29":0,"30":0,"31":0,"32":0,"33":0,"34":0,"35":0},"b":{"0":[0],"1":[0,0],"2":[0,0],"3":[0,0],"4":[0,0],"5":[0,0],"6":[0,0],"7":[0,0],"8":[0,0],"9":[0,0],"10":[0,0],"11":[0,0],"12":[0,0],"13":[0,0],"14":[0,0],"15":[0,0],"16":[0,0],"17":[0,0],"18":[0,0],"19":[0,0]},"_coverageSchema":"1a1c01bbd47fc00a2c39e90264f33305004495a9","hash":"f9b1c33f0b4a98d3b83ef17cd90ce789a6ddbd08"}
,"/mnt/d/dev/Trabajo/bot-discord-isacademi/src/utils/structure/BaseCommand.js": {"path":"/mnt/d/dev/Trabajo/bot-discord-isacademi/src/utils/structure/BaseCommand.js","statementMap":{"0":{"start":{"line":2,"column":0},"end":{"line":12,"column":2}},"1":{"start":{"line":5,"column":4},"end":{"line":5,"column":21}},"2":{"start":{"line":6,"column":4},"end":{"line":6,"column":27}},"3":{"start":{"line":7,"column":4},"end":{"line":7,"column":35}},"4":{"start":{"line":8,"column":4},"end":{"line":8,"column":23}},"5":{"start":{"line":9,"column":4},"end":{"line":9,"column":23}},"6":{"start":{"line":10,"column":4},"end":{"line":10,"column":29}}},"fnMap":{"0":{"name":"(anonymous_0)","decl":{"start":{"line":4,"column":2},"end":{"line":4,"column":3}},"loc":{"start":{"line":4,"column":66},"end":{"line":11,"column":3}},"line":4}},"branchMap":{},"s":{"0":1,"1":0,"2":0,"3":0,"4":0,"5":0,"6":0},"f":{"0":0},"b":{},"_coverageSchema":"1a1c01bbd47fc00a2c39e90264f33305004495a9","hash":"e44e24e647036b25bf0d5ecdd63e7d0d5356902c"}
,"/mnt/d/dev/Trabajo/bot-discord-isacademi/src/utils/structure/BaseEvent.js": {"path":"/mnt/d/dev/Trabajo/bot-discord-isacademi/src/utils/structure/BaseEvent.js","statementMap":{"0":{"start":{"line":2,"column":0},"end":{"line":7,"column":2}},"1":{"start":{"line":5,"column":4},"end":{"line":5,"column":21}}},"fnMap":{"0":{"name":"(anonymous_0)","decl":{"start":{"line":4,"column":2},"end":{"line":4,"column":3}},"loc":{"start":{"line":4,"column":20},"end":{"line":6,"column":3}},"line":4}},"branchMap":{},"s":{"0":1,"1":0},"f":{"0":0},"b":{},"_coverageSchema":"1a1c01bbd47fc00a2c39e90264f33305004495a9","hash":"9be01836059c4c82b3011a4b4845904c07ab3ca7"}
}
