TN:
SF:src/utils/handler/handler.js
FN:8,registerCommands
FN:20,(anonymous_1)
FN:26,JSFiles
FN:44,registerEvents
FNF:4
FNH:1
FNDA:0,registerCommands
FNDA:0,(anonymous_1)
FNDA:2,JSFiles
FNDA:0,registerEvents
DA:2,1
DA:3,1
DA:5,1
DA:6,1
DA:9,0
DA:10,0
DA:11,0
DA:12,0
DA:13,0
DA:14,0
DA:15,0
DA:16,0
DA:17,0
DA:18,0
DA:19,0
DA:20,0
DA:27,2
DA:28,2
DA:30,2
DA:31,9
DA:32,9
DA:34,9
DA:35,22
DA:36,22
DA:41,2
DA:45,0
DA:46,0
DA:47,0
DA:48,0
DA:49,0
DA:50,0
DA:51,0
DA:52,0
DA:53,0
DA:54,0
DA:60,1
LF:36
LH:14
BRDA:8,0,0,0
BRDA:13,1,0,0
BRDA:13,1,1,0
BRDA:14,2,0,0
BRDA:14,2,1,0
BRDA:16,3,0,0
BRDA:16,3,1,0
BRDA:19,4,0,0
BRDA:19,4,1,0
BRDA:26,5,0,0
BRDA:35,6,0,22
BRDA:35,6,1,0
BRDA:44,7,0,0
BRDA:49,8,0,0
BRDA:49,8,1,0
BRDA:50,9,0,0
BRDA:50,9,1,0
BRDA:52,10,0,0
BRDA:52,10,1,0
BRF:19
BRH:1
end_of_record
TN:
SF:src/utils/logic/logicBank.js
FN:2,(anonymous_0)
FNF:1
FNH:1
FNDA:1,(anonymous_0)
DA:1,1
DA:3,1
LF:2
LH:2
BRF:0
BRH:0
end_of_record
TN:
SF:src/utils/logic/logicMember.js
FN:2,(anonymous_0)
FN:5,(anonymous_1)
FN:8,(anonymous_2)
FN:17,(anonymous_3)
FNF:4
FNH:4
FNDA:1,(anonymous_0)
FNDA:1,(anonymous_1)
FNDA:2,(anonymous_2)
FNDA:1,(anonymous_3)
DA:1,1
DA:3,1
DA:6,1
DA:9,2
DA:10,2
DA:11,2
DA:12,1
DA:13,1
DA:15,2
DA:18,1
DA:19,1
DA:20,1
LF:12
LH:12
BRF:0
BRH:0
end_of_record
TN:
SF:src/utils/misc/api_discord_functions.js
FN:5,(anonymous_0)
FN:7,(anonymous_1)
FN:13,(anonymous_2)
FN:15,(anonymous_3)
FN:21,(anonymous_4)
FN:23,(anonymous_5)
FN:29,(anonymous_6)
FN:31,(anonymous_7)
FN:37,(anonymous_8)
FN:39,(anonymous_9)
FN:45,(anonymous_10)
FN:55,(anonymous_11)
FN:57,(anonymous_12)
FN:61,(anonymous_13)
FN:71,(anonymous_14)
FN:73,(anonymous_15)
FN:77,(anonymous_16)
FN:87,(anonymous_17)
FN:89,(anonymous_18)
FN:93,(anonymous_19)
FN:103,(anonymous_20)
FN:105,(anonymous_21)
FN:108,(anonymous_22)
FN:118,(anonymous_23)
FN:120,(anonymous_24)
FN:123,(anonymous_25)
FN:133,(anonymous_26)
FN:135,(anonymous_27)
FN:138,(anonymous_28)
FN:148,(anonymous_29)
FN:150,(anonymous_30)
FN:153,(anonymous_31)
FN:163,(anonymous_32)
FN:165,(anonymous_33)
FN:168,(anonymous_34)
FN:178,(anonymous_35)
FN:180,(anonymous_36)
FNF:37
FNH:0
FNDA:0,(anonymous_0)
FNDA:0,(anonymous_1)
FNDA:0,(anonymous_2)
FNDA:0,(anonymous_3)
FNDA:0,(anonymous_4)
FNDA:0,(anonymous_5)
FNDA:0,(anonymous_6)
FNDA:0,(anonymous_7)
FNDA:0,(anonymous_8)
FNDA:0,(anonymous_9)
FNDA:0,(anonymous_10)
FNDA:0,(anonymous_11)
FNDA:0,(anonymous_12)
FNDA:0,(anonymous_13)
FNDA:0,(anonymous_14)
FNDA:0,(anonymous_15)
FNDA:0,(anonymous_16)
FNDA:0,(anonymous_17)
FNDA:0,(anonymous_18)
FNDA:0,(anonymous_19)
FNDA:0,(anonymous_20)
FNDA:0,(anonymous_21)
FNDA:0,(anonymous_22)
FNDA:0,(anonymous_23)
FNDA:0,(anonymous_24)
FNDA:0,(anonymous_25)
FNDA:0,(anonymous_26)
FNDA:0,(anonymous_27)
FNDA:0,(anonymous_28)
FNDA:0,(anonymous_29)
FNDA:0,(anonymous_30)
FNDA:0,(anonymous_31)
FNDA:0,(anonymous_32)
FNDA:0,(anonymous_33)
FNDA:0,(anonymous_34)
FNDA:0,(anonymous_35)
FNDA:0,(anonymous_36)
DA:1,2
DA:3,2
DA:6,0
DA:7,0
DA:8,0
DA:11,0
DA:14,0
DA:15,0
DA:16,0
DA:19,0
DA:22,0
DA:23,0
DA:24,0
DA:27,0
DA:30,0
DA:31,0
DA:32,0
DA:35,0
DA:38,0
DA:39,0
DA:40,0
DA:43,0
DA:46,0
DA:47,0
DA:54,0
DA:58,0
DA:62,0
DA:63,0
DA:70,0
DA:74,0
DA:78,0
DA:79,0
DA:86,0
DA:90,0
DA:94,0
DA:95,0
DA:102,0
DA:106,0
DA:109,0
DA:110,0
DA:117,0
DA:121,0
DA:124,0
DA:125,0
DA:132,0
DA:136,0
DA:139,0
DA:140,0
DA:147,0
DA:151,0
DA:154,0
DA:155,0
DA:162,0
DA:166,0
DA:169,0
DA:170,0
DA:177,0
DA:181,0
LF:58
LH:2
BRF:0
BRH:0
end_of_record
TN:
SF:src/utils/misc/functions.js
FN:14,(anonymous_0)
FN:22,(anonymous_1)
FN:32,(anonymous_2)
FN:35,(anonymous_3)
FN:38,(anonymous_4)
FN:42,(anonymous_5)
FN:46,(anonymous_6)
FN:50,(anonymous_7)
FN:57,(anonymous_8)
FN:73,(anonymous_9)
FN:74,(anonymous_10)
FN:78,(anonymous_11)
FN:83,(anonymous_12)
FN:90,(anonymous_13)
FN:115,(anonymous_14)
FN:120,(anonymous_15)
FN:125,(anonymous_16)
FN:126,(anonymous_17)
FN:130,(anonymous_18)
FN:133,(anonymous_19)
FN:136,(anonymous_20)
FN:144,(anonymous_21)
FN:151,(anonymous_22)
FN:154,(anonymous_23)
FN:163,(anonymous_24)
FN:171,(anonymous_25)
FN:176,(anonymous_26)
FN:183,(anonymous_27)
FN:194,(anonymous_28)
FN:205,(anonymous_29)
FN:207,(anonymous_30)
FN:218,(anonymous_31)
FN:224,(anonymous_32)
FN:229,(anonymous_33)
FN:250,(anonymous_34)
FN:255,(anonymous_35)
FNF:36
FNH:2
FNDA:0,(anonymous_0)
FNDA:0,(anonymous_1)
FNDA:0,(anonymous_2)
FNDA:0,(anonymous_3)
FNDA:0,(anonymous_4)
FNDA:0,(anonymous_5)
FNDA:0,(anonymous_6)
FNDA:0,(anonymous_7)
FNDA:0,(anonymous_8)
FNDA:0,(anonymous_9)
FNDA:0,(anonymous_10)
FNDA:0,(anonymous_11)
FNDA:0,(anonymous_12)
FNDA:0,(anonymous_13)
FNDA:0,(anonymous_14)
FNDA:0,(anonymous_15)
FNDA:2,(anonymous_16)
FNDA:2,(anonymous_17)
FNDA:0,(anonymous_18)
FNDA:0,(anonymous_19)
FNDA:0,(anonymous_20)
FNDA:0,(anonymous_21)
FNDA:0,(anonymous_22)
FNDA:0,(anonymous_23)
FNDA:0,(anonymous_24)
FNDA:0,(anonymous_25)
FNDA:0,(anonymous_26)
FNDA:0,(anonymous_27)
FNDA:0,(anonymous_28)
FNDA:0,(anonymous_29)
FNDA:0,(anonymous_30)
FNDA:0,(anonymous_31)
FNDA:0,(anonymous_32)
FNDA:0,(anonymous_33)
FNDA:0,(anonymous_34)
FNDA:0,(anonymous_35)
DA:2,2
DA:3,2
DA:4,2
DA:6,2
DA:7,2
DA:8,2
DA:9,2
DA:13,2
DA:15,0
DA:16,0
DA:18,0
DA:19,0
DA:21,0
DA:22,0
DA:23,0
DA:29,0
DA:30,0
DA:33,0
DA:36,0
DA:39,0
DA:40,0
DA:43,0
DA:44,0
DA:47,0
DA:48,0
DA:51,0
DA:52,0
DA:53,0
DA:54,0
DA:58,0
DA:59,0
DA:60,0
DA:65,0
DA:71,0
DA:73,0
DA:74,0
DA:75,0
DA:78,0
DA:79,0
DA:84,0
DA:91,0
DA:92,0
DA:93,0
DA:94,0
DA:95,0
DA:103,0
DA:107,0
DA:116,0
DA:121,0
DA:126,2
DA:127,2
DA:131,0
DA:134,0
DA:137,0
DA:138,0
DA:139,0
DA:140,0
DA:141,0
DA:142,0
DA:145,0
DA:146,0
DA:147,0
DA:148,0
DA:149,0
DA:152,0
DA:155,0
DA:156,0
DA:157,0
DA:158,0
DA:161,0
DA:164,0
DA:165,0
DA:166,0
DA:167,0
DA:173,0
DA:176,0
DA:177,0
DA:178,0
DA:179,0
DA:183,0
DA:184,0
DA:185,0
DA:192,0
DA:194,0
DA:195,0
DA:196,0
DA:198,0
DA:199,0
DA:202,0
DA:205,0
DA:206,0
DA:207,0
DA:208,0
DA:209,0
DA:211,0
DA:215,0
DA:219,0
DA:225,0
DA:226,0
DA:227,0
DA:229,0
DA:230,0
DA:231,0
DA:232,0
DA:233,0
DA:234,0
DA:239,0
DA:251,0
DA:252,0
DA:253,0
DA:255,0
DA:256,0
DA:257,0
DA:258,0
DA:259,0
DA:260,0
DA:265,0
LF:117
LH:10
BRDA:14,0,0,0
BRDA:18,1,0,0
BRDA:18,1,1,0
BRDA:18,2,0,0
BRDA:18,2,1,0
BRDA:21,3,0,0
BRDA:21,3,1,0
BRDA:21,4,0,0
BRDA:21,4,1,0
BRDA:24,5,0,0
BRDA:24,5,1,0
BRDA:29,6,0,0
BRDA:29,6,1,0
BRDA:95,7,0,0
BRDA:95,7,1,0
BRDA:96,8,0,0
BRDA:96,8,1,0
BRDA:121,9,0,0
BRDA:121,9,1,0
BRDA:157,10,0,0
BRDA:157,10,1,0
BRDA:166,11,0,0
BRDA:166,11,1,0
BRDA:177,12,0,0
BRDA:177,12,1,0
BRDA:184,13,0,0
BRDA:184,13,1,0
BRDA:195,14,0,0
BRDA:195,14,1,0
BRDA:198,15,0,0
BRDA:198,15,1,0
BRDA:208,16,0,0
BRDA:208,16,1,0
BRDA:219,17,0,0
BRDA:219,17,1,0
BRDA:232,18,0,0
BRDA:232,18,1,0
BRDA:258,19,0,0
BRDA:258,19,1,0
BRF:39
BRH:0
end_of_record
TN:
SF:src/utils/structure/BaseCommand.js
FN:4,(anonymous_0)
FNF:1
FNH:0
FNDA:0,(anonymous_0)
DA:2,1
DA:5,0
DA:6,0
DA:7,0
DA:8,0
DA:9,0
DA:10,0
LF:7
LH:1
BRF:0
BRH:0
end_of_record
TN:
SF:src/utils/structure/BaseEvent.js
FN:4,(anonymous_0)
FNF:1
FNH:0
FNDA:0,(anonymous_0)
DA:2,1
DA:5,0
LF:2
LH:1
BRF:0
BRH:0
end_of_record
